Info    (PA0001) : "/home/devb/xesscorp/BLOGS/tang_nano_user/projects/led_btn/impl/gwsynthesis/led_btn.vg" | Reading netlist file.
Info    (PA0004) : Parsing netlist file '/home/devb/xesscorp/BLOGS/tang_nano_user/projects/led_btn/impl/gwsynthesis/led_btn.vg' completed.
Info    (PA0006) : Processing netlist completed.
Info    (CT0002) : Physical Constraint parsed completed.
Info    (PR0001) : Placement in progress......
Info    (PR0005) : Routing in progress......
Info    (PR0002) : Placement and routing completed.
Info    (TA0001) : Timing analysis completed.
Info    (CM0008) : Generate '/home/devb/xesscorp/BLOGS/tang_nano_user/projects/led_btn/impl/pnr/led_btn.sdf' file completed.
Info    (FS0001) : Bitstream generation in progress......
Info    (FS0002) : Bitstream generation completed.
Info    (PW0001) : Power analysis completed.
Info    (CM0008) : Generate '/home/devb/xesscorp/BLOGS/tang_nano_user/projects/led_btn/impl/pnr/led_btn.power.html' file completed.
Info    (CM0008) : Generate '/home/devb/xesscorp/BLOGS/tang_nano_user/projects/led_btn/impl/pnr/led_btn.pin.html' file completed.
Info    (CM0008) : Generate '/home/devb/xesscorp/BLOGS/tang_nano_user/projects/led_btn/impl/pnr/led_btn.rpt.html' file completed.
Info    (CM0008) : Generate '/home/devb/xesscorp/BLOGS/tang_nano_user/projects/led_btn/impl/pnr/led_btn.rpt.txt' file completed.
Info    (CM0008) : Generate '/home/devb/xesscorp/BLOGS/tang_nano_user/projects/led_btn/impl/pnr/led_btn.vo' file completed.
Info    (CM0008) : Generate '/home/devb/xesscorp/BLOGS/tang_nano_user/projects/led_btn/impl/pnr/led_btn.tr.html' file completed.
Info    (CM0008) : Generate '/home/devb/xesscorp/BLOGS/tang_nano_user/projects/led_btn/impl/pnr/led_btn.posp' file completed.
Info    (CM0008) : Generate '/home/devb/xesscorp/BLOGS/tang_nano_user/projects/led_btn/impl/pnr/led_btn.ibs' file completed.
Info    (CM0008) : Generate '/home/devb/xesscorp/BLOGS/tang_nano_user/projects/led_btn/impl/pnr/led_btn.io.cst' file completed.
Info    (CM0001) : Thu Feb 20 17:00:47 2020

